Sencha Cmd 6.1.2.15 - Crash report
================================================
An error occurred while executing the following command: --help

Diagnostic information:
=======================
                         app.archivePath : archive                                           
                      app.bootstrap.base : /var/www/html/nomad                               
                           app.build.dir : /var/www/html/nomad/build/TestApp                 
                        app.cache.deltas : deltas                                            
                        app.cache.enable : true                                              
                           app.classpath : /var/www/html/nomad/app.js,/var/www/html/nomad/app
                         app.cmd.version : 6.1.2.15                                          
                          app.config.dir : /var/www/html/nomad/.sencha/app                   
                   app.cordova.config.id : com.domain.TestApp                                
                 app.cordova.config.name : TestApp                                           
                 app.cordova.config.path : /var/www/html/nomad/cordova                       
               app.cordova.config.target :                                                   
              app.cordova.config.verbose : false                                             
                   app.cordova.js.0.path : cordova.js                                        
               app.cordova.js.0.priority : 1000                                              
                 app.cordova.js.0.remote : true                                              
                   app.cordova.js.length : 1                                                 
                 app.cordova.microloader : /var/www/html/nomad/.sencha/app/microloader/testing.js
                 app.cordova.output.base : /var/www/html/nomad/cordova/www                   
         app.cordova.output.cache.enable : false                                             
        app.cordova.output.deltas.enable : false                                             
       app.cordova.output.manifest.embed : true                                              
                                 app.dir : /var/www/html/nomad                               
                           app.framework : touch                                             
                   app.framework.version : 2.4.2.571                                         
                                  app.id : e5540ef1-5c48-4d35-963b-ef919a5c02a3              
                       app.indexHtmlPath : index.html                                        
                                app.name : TestApp                                           
                         app.output.base : /var/www/html/nomad/build/${build.environment}/TestApp
           app.output.microloader.enable : true                                              
                  app.phonegap.config.id : com.domain.TestApp                                
                app.phonegap.config.name : TestApp                                           
                app.phonegap.config.path : /var/www/html/nomad/phonegap                      
              app.phonegap.config.remote : false                                             
             app.phonegap.config.verbose : false                                             
                  app.phonegap.js.0.path : phonegap.js                                       
              app.phonegap.js.0.priority : 1000                                              
                app.phonegap.js.0.remote : true                                              
                  app.phonegap.js.length : 1                                                 
                app.phonegap.microloader : /var/www/html/nomad/.sencha/app/microloader/testing.js
                app.phonegap.output.base : /var/www/html/nomad/phonegap/www                  
        app.phonegap.output.cache.enable : false                                             
       app.phonegap.output.deltas.enable : false                                             
      app.phonegap.output.manifest.embed : true                                              
                      app.requires.names :                                                   
                   app.requires.packages :                                                   
                      app.resource.paths :                                                   
        app.slicer.js.0.isWidgetManifest : true                                              
                    app.slicer.js.0.path : /var/www/html/nomad/sass/example/custom.js        
                    app.slicer.js.length : 1                                                 
                    buildenvironment.dir : /var/www/html/nomad                               
               buildenvironment.load.dir : /var/www/html/nomad                               
                          cmd.config.dir : /home/ymarfoq/logiciels/Sencha/Cmd/6.1.2.15       
                                 cmd.dir : /home/ymarfoq/logiciels/Sencha/Cmd/6.1.2.15       
                    cmd.framework.minver : 2.2.0                                             
                   cmd.framework.version : 2.99.99.99999                                     
                            cmd.jvm.args : -Xms128m -Xmx1024m -Dapple.awt.UIElement=true     
              cmd.merge.tool.args.araxis : -wait -merge -3 -a1 {base} {user} {generated} {out}
              cmd.merge.tool.args.kdiff3 : {base} {user} {generated} -o {out}                
             cmd.merge.tool.args.p4merge : {base} {user} {generated} {out}                   
           cmd.merge.tool.args.smartsync : {user} {generated} {base}                         
          cmd.merge.tool.args.sourcegear : --merge --result={out} {user} {base} {generated}  
            cmd.merge.tool.args.tortoise : -base:{base} -theirs:{generated} -mine:{user} -merged:{out}
                              cmd.minver : 3.0.0.0                                           
                            cmd.platform : linux-x64                                         
                         cmd.server.port : 1841                                              
                     cmd.unicode.escapes : /home/ymarfoq/logiciels/Sencha/Cmd/6.1.2.15/unicode-escapes.json
                             cmd.version : 6.1.2.15                                          
                            cmd.web.port : 1841                                              
                     config.skipDownload : true                                              
                      config.skipInherit : false                                             
                     framework.classpath : /var/www/html/nomad/touch/src                     
                    framework.cmd.minver : 3.1.0.53                                          
                   framework.cmd.version : 4.0.5.87                                          
                    framework.config.dir : /home/ymarfoq/logiciels/Sencha/Cmd/6.1.2.15/plugins/touch/2.3
                           framework.dir : /var/www/html/nomad/touch                         
                       framework.ignores : src/locale,src/platform,auth2/Auth.js,scroller/Infinite.js
                          framework.name : touch                                             
                  framework.packages.dir : /var/www/html/nomad/touch/packages                
             framework.preprocessor.opts : charts:no                                         
                       framework.version : 2.4.2.571                                         
                       inspector.address : http://localhost:1839/                            
                          repo.local.dir : /home/ymarfoq/logiciels/Sencha/Cmd/repo           
        system.java.net.useSystemProxies : true                                              
                     workspace.build.dir : /var/www/html/nomad/build                         
                    workspace.config.dir : /var/www/html/nomad/.sencha/workspace             
                           workspace.dir : /var/www/html/nomad                               
         workspace.frameworks.touch.path : /var/www/html/nomad/touch                         
                  workspace.packages.dir : /var/www/html/nomad/packages/local,/var/www/html/nomad/packages
              workspace.packages.extract : /var/www/html/nomad/packages/remote               
                     workspace.theme.dir : /var/www/html/nomad/packages/local,/var/www/html/nomad/packages/${args.themeName}

Exception information:
=======================
No such property : help
     at com.sencha.cli.AbstractCommand$Properties.getProperty(AbstractCommand.java:444)
     at com.sencha.cli.AbstractCommand.parseConfigParam(AbstractCommand.java:468)
     at com.sencha.cli.AbstractCommand.processConfigParam(AbstractCommand.java:518)
     at com.sencha.cli.AbstractCommand.configure(AbstractCommand.java:114)
     at com.sencha.command.Sencha.main(Sencha.java:135)
     at sun.reflect.NativeMethodAccessorImpl.invoke0(Native Method)
     at sun.reflect.NativeMethodAccessorImpl.invoke(NativeMethodAccessorImpl.java:57)
     at sun.reflect.DelegatingMethodAccessorImpl.invoke(DelegatingMethodAccessorImpl.java:43)
     at java.lang.reflect.Method.invoke(Method.java:606)
     at com.exe4j.runtime.LauncherEngine.launch(Unknown Source)
     at com.install4j.runtime.launcher.UnixLauncher.main(Unknown Source)

